This file contains any messages produced by compilers while
running configure, to aid debugging if configure makes a mistake.

It was created by wombattraining configure 0.1.5, which was
generated by GNU Autoconf 2.65.  Invocation command line was

  $ ./configure 

## --------- ##
## Platform. ##
## --------- ##

hostname = eta
uname -m = i686
uname -r = 3.2.0-38-generic-pae
uname -s = Linux
uname -v = #61-Ubuntu SMP Tue Feb 19 12:39:51 UTC 2013

/usr/bin/uname -p = unknown
/bin/uname -X     = unknown

/bin/arch              = unknown
/usr/bin/arch -k       = unknown
/usr/convex/getsysinfo = unknown
/usr/bin/hostinfo      = unknown
/bin/machine           = unknown
/usr/bin/oslevel       = unknown
/bin/universe          = unknown

PATH: /usr/local/sbin
PATH: /usr/local/bin
PATH: /usr/sbin
PATH: /usr/bin
PATH: /sbin
PATH: /bin


## ----------- ##
## Core tests. ##
## ----------- ##

configure:2171: checking for a BSD-compatible install
configure:2239: result: /usr/bin/install -c
configure:2250: checking whether build environment is sane
configure:2300: result: yes
configure:2441: checking for a thread-safe mkdir -p
configure:2480: result: /bin/mkdir -p
configure:2493: checking for gawk
configure:2523: result: no
configure:2493: checking for mawk
configure:2509: found /usr/bin/mawk
configure:2520: result: mawk
configure:2531: checking whether make sets $(MAKE)
configure:2553: result: yes
configure:2685: checking for gcc
configure:2701: found /usr/bin/gcc
configure:2712: result: gcc
configure:2941: checking for C compiler version
configure:2950: gcc --version >&5
gcc (Ubuntu/Linaro 4.6.3-1ubuntu5) 4.6.3
Copyright (C) 2011 Free Software Foundation, Inc.
This is free software; see the source for copying conditions.  There is NO
warranty; not even for MERCHANTABILITY or FITNESS FOR A PARTICULAR PURPOSE.

configure:2961: $? = 0
configure:2950: gcc -v >&5
Using built-in specs.
COLLECT_GCC=gcc
COLLECT_LTO_WRAPPER=/usr/lib/gcc/i686-linux-gnu/4.6/lto-wrapper
Target: i686-linux-gnu
Configured with: ../src/configure -v --with-pkgversion='Ubuntu/Linaro 4.6.3-1ubuntu5' --with-bugurl=file:///usr/share/doc/gcc-4.6/README.Bugs --enable-languages=c,c++,fortran,objc,obj-c++ --prefix=/usr --program-suffix=-4.6 --enable-shared --enable-linker-build-id --with-system-zlib --libexecdir=/usr/lib --without-included-gettext --enable-threads=posix --with-gxx-include-dir=/usr/include/c++/4.6 --libdir=/usr/lib --enable-nls --with-sysroot=/ --enable-clocale=gnu --enable-libstdcxx-debug --enable-libstdcxx-time=yes --enable-gnu-unique-object --enable-plugin --enable-objc-gc --enable-targets=all --disable-werror --with-arch-32=i686 --with-tune=generic --enable-checking=release --build=i686-linux-gnu --host=i686-linux-gnu --target=i686-linux-gnu
Thread model: posix
gcc version 4.6.3 (Ubuntu/Linaro 4.6.3-1ubuntu5) 
configure:2961: $? = 0
configure:2950: gcc -V >&5
gcc: error: unrecognized option '-V'
gcc: fatal error: no input files
compilation terminated.
configure:2961: $? = 4
configure:2950: gcc -qversion >&5
gcc: error: unrecognized option '-qversion'
gcc: fatal error: no input files
compilation terminated.
configure:2961: $? = 4
configure:2981: checking whether the C compiler works
configure:3003: gcc    conftest.c  >&5
configure:3007: $? = 0
configure:3056: result: yes
configure:3059: checking for C compiler default output file name
configure:3061: result: a.out
configure:3067: checking for suffix of executables
configure:3074: gcc -o conftest    conftest.c  >&5
configure:3078: $? = 0
configure:3100: result: 
configure:3122: checking whether we are cross compiling
configure:3130: gcc -o conftest    conftest.c  >&5
configure:3134: $? = 0
configure:3141: ./conftest
configure:3145: $? = 0
configure:3160: result: no
configure:3165: checking for suffix of object files
configure:3187: gcc -c   conftest.c >&5
configure:3191: $? = 0
configure:3212: result: o
configure:3216: checking whether we are using the GNU C compiler
configure:3235: gcc -c   conftest.c >&5
configure:3235: $? = 0
configure:3244: result: yes
configure:3253: checking whether gcc accepts -g
configure:3273: gcc -c -g  conftest.c >&5
configure:3273: $? = 0
configure:3314: result: yes
configure:3331: checking for gcc option to accept ISO C89
configure:3395: gcc  -c -g -O2  conftest.c >&5
configure:3395: $? = 0
configure:3408: result: none needed
configure:3439: checking for style of include used by make
configure:3467: result: GNU
configure:3492: checking dependency style of gcc
configure:3602: result: gcc3
configure:3628: checking how to run the C preprocessor
configure:3659: gcc -E  conftest.c
configure:3659: $? = 0
configure:3673: gcc -E  conftest.c
conftest.c:11:28: fatal error: ac_nonexistent.h: No such file or directory
compilation terminated.
configure:3673: $? = 1
configure: failed program was:
| /* confdefs.h */
| #define PACKAGE_NAME "wombattraining"
| #define PACKAGE_TARNAME "wombattraining"
| #define PACKAGE_VERSION "0.1.5"
| #define PACKAGE_STRING "wombattraining 0.1.5"
| #define PACKAGE_BUGREPORT "hubert.mis@gmail.com"
| #define PACKAGE_URL ""
| #define PACKAGE "wombattraining"
| #define VERSION "0.1.5"
| /* end confdefs.h.  */
| #include <ac_nonexistent.h>
configure:3698: result: gcc -E
configure:3718: gcc -E  conftest.c
configure:3718: $? = 0
configure:3732: gcc -E  conftest.c
conftest.c:11:28: fatal error: ac_nonexistent.h: No such file or directory
compilation terminated.
configure:3732: $? = 1
configure: failed program was:
| /* confdefs.h */
| #define PACKAGE_NAME "wombattraining"
| #define PACKAGE_TARNAME "wombattraining"
| #define PACKAGE_VERSION "0.1.5"
| #define PACKAGE_STRING "wombattraining 0.1.5"
| #define PACKAGE_BUGREPORT "hubert.mis@gmail.com"
| #define PACKAGE_URL ""
| #define PACKAGE "wombattraining"
| #define VERSION "0.1.5"
| /* end confdefs.h.  */
| #include <ac_nonexistent.h>
configure:3761: checking for grep that handles long lines and -e
configure:3819: result: /bin/grep
configure:3824: checking for egrep
configure:3886: result: /bin/grep -E
configure:3891: checking for ANSI C header files
configure:3911: gcc -c -g -O2  conftest.c >&5
configure:3911: $? = 0
configure:3984: gcc -o conftest -g -O2   conftest.c  >&5
configure:3984: $? = 0
configure:3984: ./conftest
configure:3984: $? = 0
configure:3995: result: yes
configure:4008: checking for sys/types.h
configure:4008: gcc -c -g -O2  conftest.c >&5
configure:4008: $? = 0
configure:4008: result: yes
configure:4008: checking for sys/stat.h
configure:4008: gcc -c -g -O2  conftest.c >&5
configure:4008: $? = 0
configure:4008: result: yes
configure:4008: checking for stdlib.h
configure:4008: gcc -c -g -O2  conftest.c >&5
configure:4008: $? = 0
configure:4008: result: yes
configure:4008: checking for string.h
configure:4008: gcc -c -g -O2  conftest.c >&5
configure:4008: $? = 0
configure:4008: result: yes
configure:4008: checking for memory.h
configure:4008: gcc -c -g -O2  conftest.c >&5
configure:4008: $? = 0
configure:4008: result: yes
configure:4008: checking for strings.h
configure:4008: gcc -c -g -O2  conftest.c >&5
configure:4008: $? = 0
configure:4008: result: yes
configure:4008: checking for inttypes.h
configure:4008: gcc -c -g -O2  conftest.c >&5
configure:4008: $? = 0
configure:4008: result: yes
configure:4008: checking for stdint.h
configure:4008: gcc -c -g -O2  conftest.c >&5
configure:4008: $? = 0
configure:4008: result: yes
configure:4008: checking for unistd.h
configure:4008: gcc -c -g -O2  conftest.c >&5
configure:4008: $? = 0
configure:4008: result: yes
configure:4023: checking for stdlib.h
configure:4023: result: yes
configure:4035: checking stdio.h usability
configure:4035: gcc -c -g -O2  conftest.c >&5
configure:4035: $? = 0
configure:4035: result: yes
configure:4035: checking stdio.h presence
configure:4035: gcc -E  conftest.c
configure:4035: $? = 0
configure:4035: result: yes
configure:4035: checking for stdio.h
configure:4035: result: yes
configure:4047: checking ctype.h usability
configure:4047: gcc -c -g -O2  conftest.c >&5
configure:4047: $? = 0
configure:4047: result: yes
configure:4047: checking ctype.h presence
configure:4047: gcc -E  conftest.c
configure:4047: $? = 0
configure:4047: result: yes
configure:4047: checking for ctype.h
configure:4047: result: yes
configure:4059: checking time.h usability
configure:4059: gcc -c -g -O2  conftest.c >&5
configure:4059: $? = 0
configure:4059: result: yes
configure:4059: checking time.h presence
configure:4059: gcc -E  conftest.c
configure:4059: $? = 0
configure:4059: result: yes
configure:4059: checking for time.h
configure:4059: result: yes
configure:4075: checking for stdlib.h
configure:4075: result: yes
configure:4085: checking for GNU libc compatible malloc
configure:4109: gcc -o conftest -g -O2   conftest.c  >&5
configure:4109: $? = 0
configure:4109: ./conftest
configure:4109: $? = 0
configure:4119: result: yes
configure:4142: checking for stdlib.h
configure:4142: result: yes
configure:4152: checking for GNU libc compatible realloc
configure:4176: gcc -o conftest -g -O2   conftest.c  >&5
configure:4176: $? = 0
configure:4176: ./conftest
configure:4176: $? = 0
configure:4186: result: yes
configure:4209: checking for mkdir
configure:4209: gcc -o conftest -g -O2   conftest.c  >&5
configure:4209: $? = 0
configure:4209: result: yes
configure:4220: checking for strstr
configure:4220: gcc -o conftest -g -O2   conftest.c  >&5
conftest.c:53:6: warning: conflicting types for built-in function 'strstr' [enabled by default]
configure:4220: $? = 0
configure:4220: result: yes
configure:4231: checking for strcspn
configure:4231: gcc -o conftest -g -O2   conftest.c  >&5
conftest.c:54:6: warning: conflicting types for built-in function 'strcspn' [enabled by default]
configure:4231: $? = 0
configure:4231: result: yes
configure:4242: checking for strchr
configure:4242: gcc -o conftest -g -O2   conftest.c  >&5
conftest.c:55:6: warning: conflicting types for built-in function 'strchr' [enabled by default]
configure:4242: $? = 0
configure:4242: result: yes
configure:4253: checking for strlen
configure:4253: gcc -o conftest -g -O2   conftest.c  >&5
conftest.c:56:6: warning: conflicting types for built-in function 'strlen' [enabled by default]
configure:4253: $? = 0
configure:4253: result: yes
configure:4264: checking for atexit
configure:4264: gcc -o conftest -g -O2   conftest.c  >&5
configure:4264: $? = 0
configure:4264: result: yes
configure:4275: checking for srand
configure:4275: gcc -o conftest -g -O2   conftest.c  >&5
configure:4275: $? = 0
configure:4275: result: yes
configure:4286: checking for rand
configure:4286: gcc -o conftest -g -O2   conftest.c  >&5
configure:4286: $? = 0
configure:4286: result: yes
configure:4296: checking for main in -lm
configure:4315: gcc -o conftest -g -O2   conftest.c -lm   >&5
configure:4315: $? = 0
configure:4324: result: yes
configure:4375: checking for sdl-config
configure:4393: found /usr/bin/sdl-config
configure:4406: result: /usr/bin/sdl-config
configure:4416: checking for SDL - version >= 1.2.0
configure:4503: gcc -o conftest -g -O2 -I/usr/include/SDL -D_GNU_SOURCE=1 -D_REENTRANT   conftest.c  -lm -L/usr/lib/i386-linux-gnu -lSDL >&5
configure:4503: $? = 0
configure:4503: ./conftest
configure:4503: $? = 0
configure:4518: result: yes
configure:4590: checking SDL_opengl.h usability
configure:4590: gcc -c -g -O2 -I/usr/include/SDL -D_GNU_SOURCE=1 -D_REENTRANT  conftest.c >&5
configure:4590: $? = 0
configure:4590: result: yes
configure:4590: checking SDL_opengl.h presence
configure:4590: gcc -E  conftest.c
conftest.c:37:24: fatal error: SDL_opengl.h: No such file or directory
compilation terminated.
configure:4590: $? = 1
configure: failed program was:
| /* confdefs.h */
| #define PACKAGE_NAME "wombattraining"
| #define PACKAGE_TARNAME "wombattraining"
| #define PACKAGE_VERSION "0.1.5"
| #define PACKAGE_STRING "wombattraining 0.1.5"
| #define PACKAGE_BUGREPORT "hubert.mis@gmail.com"
| #define PACKAGE_URL ""
| #define PACKAGE "wombattraining"
| #define VERSION "0.1.5"
| #define STDC_HEADERS 1
| #define HAVE_SYS_TYPES_H 1
| #define HAVE_SYS_STAT_H 1
| #define HAVE_STDLIB_H 1
| #define HAVE_STRING_H 1
| #define HAVE_MEMORY_H 1
| #define HAVE_STRINGS_H 1
| #define HAVE_INTTYPES_H 1
| #define HAVE_STDINT_H 1
| #define HAVE_UNISTD_H 1
| #define HAVE_STDLIB_H 1
| #define HAVE_STDIO_H 1
| #define HAVE_CTYPE_H 1
| #define HAVE_TIME_H 1
| #define HAVE_STDLIB_H 1
| #define HAVE_MALLOC 1
| #define HAVE_STDLIB_H 1
| #define HAVE_REALLOC 1
| #define HAVE_MKDIR 1
| #define HAVE_STRSTR 1
| #define HAVE_STRCSPN 1
| #define HAVE_STRCHR 1
| #define HAVE_STRLEN 1
| #define HAVE_ATEXIT 1
| #define HAVE_SRAND 1
| #define HAVE_RAND 1
| /* end confdefs.h.  */
| #include <SDL_opengl.h>
configure:4590: result: no
configure:4590: WARNING: SDL_opengl.h: accepted by the compiler, rejected by the preprocessor!
configure:4590: WARNING: SDL_opengl.h: proceeding with the compiler's result
configure:4590: checking for SDL_opengl.h
configure:4590: result: yes
configure:4645: checking for freetype-config
configure:4663: found /usr/local/bin/freetype-config
configure:4676: result: /usr/local/bin/freetype-config
configure:4687: checking for FreeType -- version >= 2.1.0
configure:4768: gcc -o conftest -g -O2 -I/usr/include/SDL -D_GNU_SOURCE=1 -D_REENTRANT -I/usr/local/include/freetype2 -I/usr/local/include   conftest.c -L/usr/local/lib -lfreetype -lz  -lm -L/usr/lib/i386-linux-gnu -lSDL -lGL -lGLU >&5
configure:4768: $? = 0
configure:4768: ./conftest
configure:4768: $? = 0
configure:4785: result: yes
configure:4972: creating ./config.status

## ---------------------- ##
## Running config.status. ##
## ---------------------- ##

This file was extended by wombattraining config.status 0.1.5, which was
generated by GNU Autoconf 2.65.  Invocation command line was

  CONFIG_FILES    = 
  CONFIG_HEADERS  = 
  CONFIG_LINKS    = 
  CONFIG_COMMANDS = 
  $ ./config.status 

on eta

config.status:875: creating Makefile
config.status:875: creating src/Makefile
config.status:875: creating conf/Makefile
config.status:875: creating pixmaps/Makefile
config.status:875: creating config.h
config.status:1047: config.h is unchanged
config.status:1095: executing depfiles commands

## ---------------- ##
## Cache variables. ##
## ---------------- ##

ac_cv_c_compiler_gnu=yes
ac_cv_env_CC_set=
ac_cv_env_CC_value=
ac_cv_env_CFLAGS_set=
ac_cv_env_CFLAGS_value=
ac_cv_env_CPPFLAGS_set=
ac_cv_env_CPPFLAGS_value=
ac_cv_env_CPP_set=
ac_cv_env_CPP_value=
ac_cv_env_LDFLAGS_set=
ac_cv_env_LDFLAGS_value=
ac_cv_env_LIBS_set=
ac_cv_env_LIBS_value=
ac_cv_env_build_alias_set=
ac_cv_env_build_alias_value=
ac_cv_env_host_alias_set=
ac_cv_env_host_alias_value=
ac_cv_env_target_alias_set=
ac_cv_env_target_alias_value=
ac_cv_func_atexit=yes
ac_cv_func_malloc_0_nonnull=yes
ac_cv_func_mkdir=yes
ac_cv_func_rand=yes
ac_cv_func_realloc_0_nonnull=yes
ac_cv_func_srand=yes
ac_cv_func_strchr=yes
ac_cv_func_strcspn=yes
ac_cv_func_strlen=yes
ac_cv_func_strstr=yes
ac_cv_header_SDL_opengl_h=yes
ac_cv_header_ctype_h=yes
ac_cv_header_inttypes_h=yes
ac_cv_header_memory_h=yes
ac_cv_header_stdc=yes
ac_cv_header_stdint_h=yes
ac_cv_header_stdio_h=yes
ac_cv_header_stdlib_h=yes
ac_cv_header_string_h=yes
ac_cv_header_strings_h=yes
ac_cv_header_sys_stat_h=yes
ac_cv_header_sys_types_h=yes
ac_cv_header_time_h=yes
ac_cv_header_unistd_h=yes
ac_cv_lib_m_main=yes
ac_cv_objext=o
ac_cv_path_EGREP='/bin/grep -E'
ac_cv_path_FT2_CONFIG=/usr/local/bin/freetype-config
ac_cv_path_GREP=/bin/grep
ac_cv_path_SDL_CONFIG=/usr/bin/sdl-config
ac_cv_path_install='/usr/bin/install -c'
ac_cv_path_mkdir=/bin/mkdir
ac_cv_prog_AWK=mawk
ac_cv_prog_CPP='gcc -E'
ac_cv_prog_ac_ct_CC=gcc
ac_cv_prog_cc_c89=
ac_cv_prog_cc_g=yes
ac_cv_prog_make_make_set=yes
am_cv_CC_dependencies_compiler_type=gcc3

## ----------------- ##
## Output variables. ##
## ----------------- ##

ACLOCAL='${SHELL} /home/art/Pulpit/wombattraining-0.1.5/missing --run aclocal-1.11'
AMDEPBACKSLASH='\'
AMDEP_FALSE='#'
AMDEP_TRUE=''
AMTAR='${SHELL} /home/art/Pulpit/wombattraining-0.1.5/missing --run tar'
AUTOCONF='${SHELL} /home/art/Pulpit/wombattraining-0.1.5/missing --run autoconf'
AUTOHEADER='${SHELL} /home/art/Pulpit/wombattraining-0.1.5/missing --run autoheader'
AUTOMAKE='${SHELL} /home/art/Pulpit/wombattraining-0.1.5/missing --run automake-1.11'
AWK='mawk'
CC='gcc'
CCDEPMODE='depmode=gcc3'
CFLAGS='-g -O2 -I/usr/include/SDL -D_GNU_SOURCE=1 -D_REENTRANT -I/usr/local/include/freetype2 -I/usr/local/include'
CPP='gcc -E'
CPPFLAGS=''
CYGPATH_W='echo'
DEFS='-DHAVE_CONFIG_H'
DEPDIR='.deps'
ECHO_C=''
ECHO_N='-n'
ECHO_T=''
EGREP='/bin/grep -E'
EXEEXT=''
FT2_CFLAGS='-I/usr/local/include/freetype2 -I/usr/local/include'
FT2_CONFIG='/usr/local/bin/freetype-config'
FT2_LIBS='-L/usr/local/lib -lfreetype -lz'
GREP='/bin/grep'
INSTALL_DATA='${INSTALL} -m 644'
INSTALL_PROGRAM='${INSTALL}'
INSTALL_SCRIPT='${INSTALL}'
INSTALL_STRIP_PROGRAM='$(install_sh) -c -s'
LDFLAGS=''
LIBOBJS=''
LIBS=' -lm -L/usr/lib/i386-linux-gnu -lSDL -lGL -lGLU -L/usr/local/lib -lfreetype -lz'
LTLIBOBJS=''
MAKEINFO='${SHELL} /home/art/Pulpit/wombattraining-0.1.5/missing --run makeinfo'
MKDIR_P='/bin/mkdir -p'
OBJEXT='o'
PACKAGE='wombattraining'
PACKAGE_BUGREPORT='hubert.mis@gmail.com'
PACKAGE_NAME='wombattraining'
PACKAGE_STRING='wombattraining 0.1.5'
PACKAGE_TARNAME='wombattraining'
PACKAGE_URL=''
PACKAGE_VERSION='0.1.5'
PATH_SEPARATOR=':'
SDL_CFLAGS='-I/usr/include/SDL -D_GNU_SOURCE=1 -D_REENTRANT'
SDL_CONFIG='/usr/bin/sdl-config'
SDL_LIBS='-L/usr/lib/i386-linux-gnu -lSDL'
SET_MAKE=''
SHELL='/bin/bash'
STRIP=''
VERSION='0.1.5'
ac_ct_CC='gcc'
am__EXEEXT_FALSE=''
am__EXEEXT_TRUE='#'
am__fastdepCC_FALSE='#'
am__fastdepCC_TRUE=''
am__include='include'
am__isrc=''
am__leading_dot='.'
am__quote=''
am__tar='${AMTAR} chof - "$$tardir"'
am__untar='${AMTAR} xf -'
bindir='${exec_prefix}/bin'
build_alias=''
datadir='${datarootdir}'
datarootdir='${prefix}/share'
docdir='${datarootdir}/doc/${PACKAGE_TARNAME}'
dvidir='${docdir}'
exec_prefix='${prefix}'
host_alias=''
htmldir='${docdir}'
includedir='${prefix}/include'
infodir='${datarootdir}/info'
install_sh='${SHELL} /home/art/Pulpit/wombattraining-0.1.5/install-sh'
libdir='${exec_prefix}/lib'
libexecdir='${exec_prefix}/libexec'
localedir='${datarootdir}/locale'
localstatedir='${prefix}/var'
mandir='${datarootdir}/man'
mkdir_p='/bin/mkdir -p'
oldincludedir='/usr/include'
pdfdir='${docdir}'
prefix='/usr/local'
program_transform_name='s,x,x,'
psdir='${docdir}'
sbindir='${exec_prefix}/sbin'
sharedstatedir='${prefix}/com'
sysconfdir='${prefix}/etc'
target_alias=''

## ----------- ##
## confdefs.h. ##
## ----------- ##

/* confdefs.h */
#define PACKAGE_NAME "wombattraining"
#define PACKAGE_TARNAME "wombattraining"
#define PACKAGE_VERSION "0.1.5"
#define PACKAGE_STRING "wombattraining 0.1.5"
#define PACKAGE_BUGREPORT "hubert.mis@gmail.com"
#define PACKAGE_URL ""
#define PACKAGE "wombattraining"
#define VERSION "0.1.5"
#define STDC_HEADERS 1
#define HAVE_SYS_TYPES_H 1
#define HAVE_SYS_STAT_H 1
#define HAVE_STDLIB_H 1
#define HAVE_STRING_H 1
#define HAVE_MEMORY_H 1
#define HAVE_STRINGS_H 1
#define HAVE_INTTYPES_H 1
#define HAVE_STDINT_H 1
#define HAVE_UNISTD_H 1
#define HAVE_STDLIB_H 1
#define HAVE_STDIO_H 1
#define HAVE_CTYPE_H 1
#define HAVE_TIME_H 1
#define HAVE_STDLIB_H 1
#define HAVE_MALLOC 1
#define HAVE_STDLIB_H 1
#define HAVE_REALLOC 1
#define HAVE_MKDIR 1
#define HAVE_STRSTR 1
#define HAVE_STRCSPN 1
#define HAVE_STRCHR 1
#define HAVE_STRLEN 1
#define HAVE_ATEXIT 1
#define HAVE_SRAND 1
#define HAVE_RAND 1

configure: exit 0
